<?xml version="1.0" encoding="UTF-8"?>
<testng-results ignored="873" total="901" passed="25" failed="3" skipped="0">
  <reporter-output>
  </reporter-output>
  <suite started-at="2025-08-05T12:22:20 IST" name="Suite" finished-at="2025-08-05T12:31:02 IST" duration-ms="521527">
    <groups>
    </groups>
    <test started-at="2025-08-05T12:22:20 IST" name="Login with Email" finished-at="2025-08-05T12:22:31 IST" duration-ms="10404">
      <class name="Foursidesplay.TestCase">
        <test-method is-config="true" signature="setup()[pri:0, instance:Foursidesplay.TestCase@34a3d150]" started-at="2025-08-05T12:22:20 IST" name="setup" finished-at="2025-08-05T12:22:27 IST" duration-ms="6381" status="PASS">
          <reporter-output>
          </reporter-output>
        </test-method> <!-- setup -->
        <test-method signature="loginWithMailTest()[pri:0, instance:Foursidesplay.TestCase@34a3d150]" started-at="2025-08-05T12:22:27 IST" name="loginWithMailTest" finished-at="2025-08-05T12:22:30 IST" duration-ms="3584" status="PASS">
          <reporter-output>
          </reporter-output>
        </test-method> <!-- loginWithMailTest -->
        <test-method is-config="true" signature="teardown()[pri:0, instance:Foursidesplay.TestCase@34a3d150]" started-at="2025-08-05T12:22:30 IST" name="teardown" finished-at="2025-08-05T12:22:31 IST" duration-ms="373" status="PASS">
          <reporter-output>
          </reporter-output>
        </test-method> <!-- teardown -->
      </class> <!-- Foursidesplay.TestCase -->
    </test> <!-- Login with Email -->
    <test started-at="2025-08-05T12:22:31 IST" name="Login with Wrong OTP" finished-at="2025-08-05T12:22:44 IST" duration-ms="13395">
      <class name="Foursidesplay.TestCase">
        <test-method is-config="true" signature="setup()[pri:0, instance:Foursidesplay.TestCase@6ed3ccb2]" started-at="2025-08-05T12:22:31 IST" name="setup" finished-at="2025-08-05T12:22:34 IST" duration-ms="3510" status="PASS">
          <reporter-output>
          </reporter-output>
        </test-method> <!-- setup -->
        <test-method signature="loginWithPhoneNumber()[pri:0, instance:Foursidesplay.TestCase@6ed3ccb2]" started-at="2025-08-05T12:22:34 IST" name="loginWithPhoneNumber" finished-at="2025-08-05T12:22:44 IST" duration-ms="9455" status="PASS">
          <reporter-output>
          </reporter-output>
        </test-method> <!-- loginWithPhoneNumber -->
        <test-method is-config="true" signature="teardown()[pri:0, instance:Foursidesplay.TestCase@6ed3ccb2]" started-at="2025-08-05T12:22:44 IST" name="teardown" finished-at="2025-08-05T12:22:44 IST" duration-ms="427" status="PASS">
          <reporter-output>
          </reporter-output>
        </test-method> <!-- teardown -->
      </class> <!-- Foursidesplay.TestCase -->
    </test> <!-- Login with Wrong OTP -->
    <test started-at="2025-08-05T12:22:44 IST" name="Verify Current URL" finished-at="2025-08-05T12:22:48 IST" duration-ms="3664">
      <class name="Foursidesplay.TestCase">
        <test-method is-config="true" signature="setup()[pri:0, instance:Foursidesplay.TestCase@15de0b3c]" started-at="2025-08-05T12:22:44 IST" name="setup" finished-at="2025-08-05T12:22:47 IST" duration-ms="3263" status="PASS">
          <reporter-output>
          </reporter-output>
        </test-method> <!-- setup -->
        <test-method signature="verifyCurrentUrlTest()[pri:0, instance:Foursidesplay.TestCase@15de0b3c]" started-at="2025-08-05T12:22:47 IST" name="verifyCurrentUrlTest" finished-at="2025-08-05T12:22:47 IST" duration-ms="27" status="PASS">
          <reporter-output>
          </reporter-output>
        </test-method> <!-- verifyCurrentUrlTest -->
        <test-method is-config="true" signature="teardown()[pri:0, instance:Foursidesplay.TestCase@15de0b3c]" started-at="2025-08-05T12:22:47 IST" name="teardown" finished-at="2025-08-05T12:22:48 IST" duration-ms="370" status="PASS">
          <reporter-output>
          </reporter-output>
        </test-method> <!-- teardown -->
      </class> <!-- Foursidesplay.TestCase -->
    </test> <!-- Verify Current URL -->
    <test started-at="2025-08-05T12:22:48 IST" name="Update Profile" finished-at="2025-08-05T12:23:15 IST" duration-ms="27545">
      <class name="Foursidesplay.TestCase">
        <test-method is-config="true" signature="setup()[pri:0, instance:Foursidesplay.TestCase@198b6731]" started-at="2025-08-05T12:22:48 IST" name="setup" finished-at="2025-08-05T12:22:51 IST" duration-ms="3181" status="PASS">
          <reporter-output>
          </reporter-output>
        </test-method> <!-- setup -->
        <test-method signature="updateProfileTest()[pri:0, instance:Foursidesplay.TestCase@198b6731]" started-at="2025-08-05T12:22:51 IST" name="updateProfileTest" finished-at="2025-08-05T12:23:15 IST" duration-ms="23944" status="FAIL">
          <exception class="org.openqa.selenium.NoSuchElementException">
            <message>
              <![CDATA[no such element: Unable to locate element: {"method":"xpath","selector":"//button[@class='edit-button']"}
  (Session info: chrome=138.0.7204.169)
For documentation on this error, please visit: https://www.selenium.dev/documentation/webdriver/troubleshooting/errors#no-such-element-exception
Build info: version: '4.33.0', revision: '2c6aaad03a'
System info: os.name: 'Windows 11', os.arch: 'amd64', os.version: '10.0', java.version: '23.0.1'
Driver info: org.openqa.selenium.chrome.ChromeDriver
Command: [43177710cc4babb7a29262902e4f967b, findElement {using=xpath, value=//button[@class='edit-button']}]
Capabilities {acceptInsecureCerts: false, browserName: chrome, browserVersion: 138.0.7204.169, chrome: {chromedriverVersion: 138.0.7204.183 (e90faf484dd..., userDataDir: C:\Users\Yash\AppData\Local...}, fedcm:accounts: true, goog:chromeOptions: {debuggerAddress: localhost:65002}, networkConnectionEnabled: false, pageLoadStrategy: normal, platformName: windows, proxy: Proxy(), se:cdp: ws://localhost:65002/devtoo..., se:cdpVersion: 138.0.7204.169, setWindowRect: true, strictFileInteractability: false, timeouts: {implicit: 0, pageLoad: 300000, script: 30000}, unhandledPromptBehavior: dismiss and notify, webauthn:extension:credBlob: true, webauthn:extension:largeBlob: true, webauthn:extension:minPinLength: true, webauthn:extension:prf: true, webauthn:virtualAuthenticators: true}
Session ID: 43177710cc4babb7a29262902e4f967b]]>
            </message>
            <full-stacktrace>
              <![CDATA[org.openqa.selenium.NoSuchElementException: no such element: Unable to locate element: {"method":"xpath","selector":"//button[@class='edit-button']"}
  (Session info: chrome=138.0.7204.169)
For documentation on this error, please visit: https://www.selenium.dev/documentation/webdriver/troubleshooting/errors#no-such-element-exception
Build info: version: '4.33.0', revision: '2c6aaad03a'
System info: os.name: 'Windows 11', os.arch: 'amd64', os.version: '10.0', java.version: '23.0.1'
Driver info: org.openqa.selenium.chrome.ChromeDriver
Command: [43177710cc4babb7a29262902e4f967b, findElement {using=xpath, value=//button[@class='edit-button']}]
Capabilities {acceptInsecureCerts: false, browserName: chrome, browserVersion: 138.0.7204.169, chrome: {chromedriverVersion: 138.0.7204.183 (e90faf484dd..., userDataDir: C:\Users\Yash\AppData\Local...}, fedcm:accounts: true, goog:chromeOptions: {debuggerAddress: localhost:65002}, networkConnectionEnabled: false, pageLoadStrategy: normal, platformName: windows, proxy: Proxy(), se:cdp: ws://localhost:65002/devtoo..., se:cdpVersion: 138.0.7204.169, setWindowRect: true, strictFileInteractability: false, timeouts: {implicit: 0, pageLoad: 300000, script: 30000}, unhandledPromptBehavior: dismiss and notify, webauthn:extension:credBlob: true, webauthn:extension:largeBlob: true, webauthn:extension:minPinLength: true, webauthn:extension:prf: true, webauthn:virtualAuthenticators: true}
Session ID: 43177710cc4babb7a29262902e4f967b
at java.base/jdk.internal.reflect.DirectConstructorHandleAccessor.newInstance(DirectConstructorHandleAccessor.java:62)
at java.base/java.lang.reflect.Constructor.newInstanceWithCaller(Constructor.java:501)
at java.base/java.lang.reflect.Constructor.newInstance(Constructor.java:485)
at org.openqa.selenium.remote.ErrorCodec.decode(ErrorCodec.java:167)
at org.openqa.selenium.remote.codec.w3c.W3CHttpResponseCodec.decode(W3CHttpResponseCodec.java:138)
at org.openqa.selenium.remote.codec.w3c.W3CHttpResponseCodec.decode(W3CHttpResponseCodec.java:50)
at org.openqa.selenium.remote.HttpCommandExecutor.execute(HttpCommandExecutor.java:215)
at org.openqa.selenium.remote.service.DriverCommandExecutor.invokeExecute(DriverCommandExecutor.java:216)
at org.openqa.selenium.remote.service.DriverCommandExecutor.execute(DriverCommandExecutor.java:174)
at org.openqa.selenium.remote.RemoteWebDriver.execute(RemoteWebDriver.java:544)
at org.openqa.selenium.remote.ElementLocation$ElementFinder$2.findElement(ElementLocation.java:165)
at org.openqa.selenium.remote.ElementLocation.findElement(ElementLocation.java:59)
at org.openqa.selenium.remote.RemoteWebDriver.findElement(RemoteWebDriver.java:367)
at org.openqa.selenium.remote.RemoteWebDriver.findElement(RemoteWebDriver.java:361)
at Foursidesplay.TestCase.updateProfileTest(TestCase.java:97)
at java.base/jdk.internal.reflect.DirectMethodHandleAccessor.invoke(DirectMethodHandleAccessor.java:103)
at java.base/java.lang.reflect.Method.invoke(Method.java:580)
at org.testng.internal.invokers.MethodInvocationHelper.invokeMethod(MethodInvocationHelper.java:141)
at org.testng.internal.invokers.TestInvoker.invokeMethod(TestInvoker.java:687)
at org.testng.internal.invokers.TestInvoker.invokeTestMethod(TestInvoker.java:230)
at org.testng.internal.invokers.MethodRunner.runInSequence(MethodRunner.java:63)
at org.testng.internal.invokers.TestInvoker$MethodInvocationAgent.invoke(TestInvoker.java:995)
at org.testng.internal.invokers.TestInvoker.invokeTestMethods(TestInvoker.java:203)
at org.testng.internal.invokers.TestMethodWorker.invokeTestMethods(TestMethodWorker.java:154)
at org.testng.internal.invokers.TestMethodWorker.run(TestMethodWorker.java:134)
at java.base/java.util.ArrayList.forEach(ArrayList.java:1597)
at org.testng.TestRunner.privateRun(TestRunner.java:741)
at org.testng.TestRunner.run(TestRunner.java:616)
at org.testng.SuiteRunner.runTest(SuiteRunner.java:421)
at org.testng.SuiteRunner$SuiteWorker.run(SuiteRunner.java:463)
at org.testng.internal.thread.ThreadUtil.lambda$execute$0(ThreadUtil.java:64)
at java.base/java.util.concurrent.FutureTask.run(FutureTask.java:317)
at java.base/java.util.concurrent.ThreadPoolExecutor.runWorker(ThreadPoolExecutor.java:1144)
at java.base/java.util.concurrent.ThreadPoolExecutor$Worker.run(ThreadPoolExecutor.java:642)
at java.base/java.lang.Thread.run(Thread.java:1575)
]]>
            </full-stacktrace>
          </exception> <!-- org.openqa.selenium.NoSuchElementException -->
          <reporter-output>
          </reporter-output>
        </test-method> <!-- updateProfileTest -->
        <test-method is-config="true" signature="teardown()[pri:0, instance:Foursidesplay.TestCase@198b6731]" started-at="2025-08-05T12:23:15 IST" name="teardown" finished-at="2025-08-05T12:23:15 IST" duration-ms="411" status="PASS">
          <reporter-output>
          </reporter-output>
        </test-method> <!-- teardown -->
      </class> <!-- Foursidesplay.TestCase -->
    </test> <!-- Update Profile -->
    <test started-at="2025-08-05T12:23:15 IST" name="Search Box Functionality" finished-at="2025-08-05T12:23:39 IST" duration-ms="23693">
      <class name="Foursidesplay.TestCase">
        <test-method is-config="true" signature="setup()[pri:0, instance:Foursidesplay.TestCase@3bf7ca37]" started-at="2025-08-05T12:23:15 IST" name="setup" finished-at="2025-08-05T12:23:18 IST" duration-ms="2963" status="PASS">
          <reporter-output>
          </reporter-output>
        </test-method> <!-- setup -->
        <test-method signature="searchVideoTest()[pri:0, instance:Foursidesplay.TestCase@3bf7ca37]" started-at="2025-08-05T12:23:18 IST" name="searchVideoTest" finished-at="2025-08-05T12:23:39 IST" duration-ms="20256" status="PASS">
          <reporter-output>
          </reporter-output>
        </test-method> <!-- searchVideoTest -->
        <test-method is-config="true" signature="teardown()[pri:0, instance:Foursidesplay.TestCase@3bf7ca37]" started-at="2025-08-05T12:23:39 IST" name="teardown" finished-at="2025-08-05T12:23:39 IST" duration-ms="473" status="PASS">
          <reporter-output>
          </reporter-output>
        </test-method> <!-- teardown -->
      </class> <!-- Foursidesplay.TestCase -->
    </test> <!-- Search Box Functionality -->
    <test started-at="2025-08-05T12:23:39 IST" name="Login with Incorrect OTP" finished-at="2025-08-05T12:23:50 IST" duration-ms="10471">
      <class name="Foursidesplay.TestCase">
        <test-method is-config="true" signature="setup()[pri:0, instance:Foursidesplay.TestCase@4b2bac3f]" started-at="2025-08-05T12:23:39 IST" name="setup" finished-at="2025-08-05T12:23:42 IST" duration-ms="2742" status="PASS">
          <reporter-output>
          </reporter-output>
        </test-method> <!-- setup -->
        <test-method signature="wrongOtpLoginTest()[pri:0, instance:Foursidesplay.TestCase@4b2bac3f]" started-at="2025-08-05T12:23:42 IST" name="wrongOtpLoginTest" finished-at="2025-08-05T12:23:49 IST" duration-ms="7346" status="PASS">
          <reporter-output>
          </reporter-output>
        </test-method> <!-- wrongOtpLoginTest -->
        <test-method is-config="true" signature="teardown()[pri:0, instance:Foursidesplay.TestCase@4b2bac3f]" started-at="2025-08-05T12:23:49 IST" name="teardown" finished-at="2025-08-05T12:23:50 IST" duration-ms="383" status="PASS">
          <reporter-output>
          </reporter-output>
        </test-method> <!-- teardown -->
      </class> <!-- Foursidesplay.TestCase -->
    </test> <!-- Login with Incorrect OTP -->
    <test started-at="2025-08-05T12:23:50 IST" name="Play Video" finished-at="2025-08-05T12:24:29 IST" duration-ms="39520">
      <class name="Foursidesplay.TestCase">
        <test-method is-config="true" signature="setup()[pri:0, instance:Foursidesplay.TestCase@26794848]" started-at="2025-08-05T12:23:50 IST" name="setup" finished-at="2025-08-05T12:23:52 IST" duration-ms="2805" status="PASS">
          <reporter-output>
          </reporter-output>
        </test-method> <!-- setup -->
        <test-method signature="playVideoTest()[pri:0, instance:Foursidesplay.TestCase@26794848]" started-at="2025-08-05T12:23:52 IST" name="playVideoTest" finished-at="2025-08-05T12:24:28 IST" duration-ms="36083" status="PASS">
          <reporter-output>
          </reporter-output>
        </test-method> <!-- playVideoTest -->
        <test-method is-config="true" signature="teardown()[pri:0, instance:Foursidesplay.TestCase@26794848]" started-at="2025-08-05T12:24:28 IST" name="teardown" finished-at="2025-08-05T12:24:29 IST" duration-ms="630" status="PASS">
          <reporter-output>
          </reporter-output>
        </test-method> <!-- teardown -->
      </class> <!-- Foursidesplay.TestCase -->
    </test> <!-- Play Video -->
    <test started-at="2025-08-05T12:24:29 IST" name="Footer Terms Conditions" finished-at="2025-08-05T12:24:41 IST" duration-ms="11746">
      <class name="Foursidesplay.TestCase">
        <test-method is-config="true" signature="setup()[pri:0, instance:Foursidesplay.TestCase@40005471]" started-at="2025-08-05T12:24:29 IST" name="setup" finished-at="2025-08-05T12:24:32 IST" duration-ms="3132" status="PASS">
          <reporter-output>
          </reporter-output>
        </test-method> <!-- setup -->
        <test-method signature="footerTermsAndConditionsTest()[pri:0, instance:Foursidesplay.TestCase@40005471]" started-at="2025-08-05T12:24:32 IST" name="footerTermsAndConditionsTest" finished-at="2025-08-05T12:24:39 IST" duration-ms="6618" status="PASS">
          <reporter-output>
          </reporter-output>
        </test-method> <!-- footerTermsAndConditionsTest -->
        <test-method is-config="true" signature="teardown()[pri:0, instance:Foursidesplay.TestCase@40005471]" started-at="2025-08-05T12:24:39 IST" name="teardown" finished-at="2025-08-05T12:24:41 IST" duration-ms="1995" status="PASS">
          <reporter-output>
          </reporter-output>
        </test-method> <!-- teardown -->
      </class> <!-- Foursidesplay.TestCase -->
    </test> <!-- Footer Terms Conditions -->
    <test started-at="2025-08-05T12:24:41 IST" name="Logout Functionality" finished-at="2025-08-05T12:24:55 IST" duration-ms="14115">
      <class name="Foursidesplay.TestCase">
        <test-method is-config="true" signature="setup()[pri:0, instance:Foursidesplay.TestCase@49438269]" started-at="2025-08-05T12:24:41 IST" name="setup" finished-at="2025-08-05T12:24:43 IST" duration-ms="2577" status="PASS">
          <reporter-output>
          </reporter-output>
        </test-method> <!-- setup -->
        <test-method signature="logoutTest()[pri:0, instance:Foursidesplay.TestCase@49438269]" started-at="2025-08-05T12:24:43 IST" name="logoutTest" finished-at="2025-08-05T12:24:55 IST" duration-ms="11101" status="PASS">
          <reporter-output>
          </reporter-output>
        </test-method> <!-- logoutTest -->
        <test-method is-config="true" signature="teardown()[pri:0, instance:Foursidesplay.TestCase@49438269]" started-at="2025-08-05T12:24:55 IST" name="teardown" finished-at="2025-08-05T12:24:55 IST" duration-ms="435" status="PASS">
          <reporter-output>
          </reporter-output>
        </test-method> <!-- teardown -->
      </class> <!-- Foursidesplay.TestCase -->
    </test> <!-- Logout Functionality -->
    <test started-at="2025-08-05T12:24:55 IST" name="Filter Button Check" finished-at="2025-08-05T12:25:20 IST" duration-ms="24630">
      <class name="Foursidesplay.TestCase">
        <test-method is-config="true" signature="setup()[pri:0, instance:Foursidesplay.TestCase@55fe41ea]" started-at="2025-08-05T12:24:55 IST" name="setup" finished-at="2025-08-05T12:24:58 IST" duration-ms="2851" status="PASS">
          <reporter-output>
          </reporter-output>
        </test-method> <!-- setup -->
        <test-method signature="filterValuesTest()[pri:0, instance:Foursidesplay.TestCase@55fe41ea]" started-at="2025-08-05T12:24:58 IST" name="filterValuesTest" finished-at="2025-08-05T12:25:19 IST" duration-ms="21336" status="PASS">
          <reporter-output>
          </reporter-output>
        </test-method> <!-- filterValuesTest -->
        <test-method is-config="true" signature="teardown()[pri:0, instance:Foursidesplay.TestCase@55fe41ea]" started-at="2025-08-05T12:25:19 IST" name="teardown" finished-at="2025-08-05T12:25:20 IST" duration-ms="442" status="PASS">
          <reporter-output>
          </reporter-output>
        </test-method> <!-- teardown -->
      </class> <!-- Foursidesplay.TestCase -->
    </test> <!-- Filter Button Check -->
    <test started-at="2025-08-05T12:25:20 IST" name="check on view All button is workable" finished-at="2025-08-05T12:25:58 IST" duration-ms="38760">
      <class name="Foursidesplay.TestCase">
        <test-method is-config="true" signature="setup()[pri:0, instance:Foursidesplay.TestCase@5dda768f]" started-at="2025-08-05T12:25:20 IST" name="setup" finished-at="2025-08-05T12:25:23 IST" duration-ms="3478" status="PASS">
          <reporter-output>
          </reporter-output>
        </test-method> <!-- setup -->
        <test-method signature="viewAllTest()[pri:0, instance:Foursidesplay.TestCase@5dda768f]" started-at="2025-08-05T12:25:23 IST" name="viewAllTest" finished-at="2025-08-05T12:25:58 IST" duration-ms="34780" status="FAIL">
          <exception class="org.openqa.selenium.TimeoutException">
            <message>
              <![CDATA[Expected condition failed: waiting for visibility of element located by By.xpath: //div[contains(@class,'view-list')] (tried for 10 second(s) with 500 milliseconds interval)
Build info: version: '4.33.0', revision: '2c6aaad03a'
System info: os.name: 'Windows 11', os.arch: 'amd64', os.version: '10.0', java.version: '23.0.1'
Driver info: org.openqa.selenium.chrome.ChromeDriver
Capabilities {acceptInsecureCerts: false, browserName: chrome, browserVersion: 138.0.7204.169, chrome: {chromedriverVersion: 138.0.7204.183 (e90faf484dd..., userDataDir: C:\Users\Yash\AppData\Local...}, fedcm:accounts: true, goog:chromeOptions: {debuggerAddress: localhost:65448}, networkConnectionEnabled: false, pageLoadStrategy: normal, platformName: windows, proxy: Proxy(), se:cdp: ws://localhost:65448/devtoo..., se:cdpVersion: 138.0.7204.169, setWindowRect: true, strictFileInteractability: false, timeouts: {implicit: 0, pageLoad: 300000, script: 30000}, unhandledPromptBehavior: dismiss and notify, webauthn:extension:credBlob: true, webauthn:extension:largeBlob: true, webauthn:extension:minPinLength: true, webauthn:extension:prf: true, webauthn:virtualAuthenticators: true}
Session ID: c3d16b06120a7ed562ebc3cdc2668d47]]>
            </message>
            <full-stacktrace>
              <![CDATA[org.openqa.selenium.TimeoutException: Expected condition failed: waiting for visibility of element located by By.xpath: //div[contains(@class,'view-list')] (tried for 10 second(s) with 500 milliseconds interval)
Build info: version: '4.33.0', revision: '2c6aaad03a'
System info: os.name: 'Windows 11', os.arch: 'amd64', os.version: '10.0', java.version: '23.0.1'
Driver info: org.openqa.selenium.chrome.ChromeDriver
Capabilities {acceptInsecureCerts: false, browserName: chrome, browserVersion: 138.0.7204.169, chrome: {chromedriverVersion: 138.0.7204.183 (e90faf484dd..., userDataDir: C:\Users\Yash\AppData\Local...}, fedcm:accounts: true, goog:chromeOptions: {debuggerAddress: localhost:65448}, networkConnectionEnabled: false, pageLoadStrategy: normal, platformName: windows, proxy: Proxy(), se:cdp: ws://localhost:65448/devtoo..., se:cdpVersion: 138.0.7204.169, setWindowRect: true, strictFileInteractability: false, timeouts: {implicit: 0, pageLoad: 300000, script: 30000}, unhandledPromptBehavior: dismiss and notify, webauthn:extension:credBlob: true, webauthn:extension:largeBlob: true, webauthn:extension:minPinLength: true, webauthn:extension:prf: true, webauthn:virtualAuthenticators: true}
Session ID: c3d16b06120a7ed562ebc3cdc2668d47
at org.openqa.selenium.support.ui.WebDriverWait.timeoutException(WebDriverWait.java:84)
at org.openqa.selenium.support.ui.FluentWait.until(FluentWait.java:228)
at Foursidesplay.TestCase.viewAllTest(TestCase.java:478)
at java.base/jdk.internal.reflect.DirectMethodHandleAccessor.invoke(DirectMethodHandleAccessor.java:103)
at java.base/java.lang.reflect.Method.invoke(Method.java:580)
at org.testng.internal.invokers.MethodInvocationHelper.invokeMethod(MethodInvocationHelper.java:141)
at org.testng.internal.invokers.TestInvoker.invokeMethod(TestInvoker.java:687)
at org.testng.internal.invokers.TestInvoker.invokeTestMethod(TestInvoker.java:230)
at org.testng.internal.invokers.MethodRunner.runInSequence(MethodRunner.java:63)
at org.testng.internal.invokers.TestInvoker$MethodInvocationAgent.invoke(TestInvoker.java:995)
at org.testng.internal.invokers.TestInvoker.invokeTestMethods(TestInvoker.java:203)
at org.testng.internal.invokers.TestMethodWorker.invokeTestMethods(TestMethodWorker.java:154)
at org.testng.internal.invokers.TestMethodWorker.run(TestMethodWorker.java:134)
at java.base/java.util.ArrayList.forEach(ArrayList.java:1597)
at org.testng.TestRunner.privateRun(TestRunner.java:741)
at org.testng.TestRunner.run(TestRunner.java:616)
at org.testng.SuiteRunner.runTest(SuiteRunner.java:421)
at org.testng.SuiteRunner$SuiteWorker.run(SuiteRunner.java:463)
at org.testng.internal.thread.ThreadUtil.lambda$execute$0(ThreadUtil.java:64)
at java.base/java.util.concurrent.FutureTask.run(FutureTask.java:317)
at java.base/java.util.concurrent.ThreadPoolExecutor.runWorker(ThreadPoolExecutor.java:1144)
at java.base/java.util.concurrent.ThreadPoolExecutor$Worker.run(ThreadPoolExecutor.java:642)
at java.base/java.lang.Thread.run(Thread.java:1575)
]]>
            </full-stacktrace>
          </exception> <!-- org.openqa.selenium.TimeoutException -->
          <reporter-output>
          </reporter-output>
        </test-method> <!-- viewAllTest -->
        <test-method is-config="true" signature="teardown()[pri:0, instance:Foursidesplay.TestCase@5dda768f]" started-at="2025-08-05T12:25:58 IST" name="teardown" finished-at="2025-08-05T12:25:58 IST" duration-ms="498" status="PASS">
          <reporter-output>
          </reporter-output>
        </test-method> <!-- teardown -->
      </class> <!-- Foursidesplay.TestCase -->
    </test> <!-- check on view All button is workable -->
    <test started-at="2025-08-05T12:25:58 IST" name="Check reltead video play or not" finished-at="2025-08-05T12:26:49 IST" duration-ms="50571">
      <class name="Foursidesplay.TestCase">
        <test-method is-config="true" signature="setup()[pri:0, instance:Foursidesplay.TestCase@2aceadd4]" started-at="2025-08-05T12:25:58 IST" name="setup" finished-at="2025-08-05T12:26:02 IST" duration-ms="3185" status="PASS">
          <reporter-output>
          </reporter-output>
        </test-method> <!-- setup -->
        <test-method signature="checkRelatedvideo()[pri:0, instance:Foursidesplay.TestCase@2aceadd4]" started-at="2025-08-05T12:26:02 IST" name="checkRelatedvideo" finished-at="2025-08-05T12:26:48 IST" duration-ms="46857" status="PASS">
          <reporter-output>
          </reporter-output>
        </test-method> <!-- checkRelatedvideo -->
        <test-method is-config="true" signature="teardown()[pri:0, instance:Foursidesplay.TestCase@2aceadd4]" started-at="2025-08-05T12:26:48 IST" name="teardown" finished-at="2025-08-05T12:26:49 IST" duration-ms="528" status="PASS">
          <reporter-output>
          </reporter-output>
        </test-method> <!-- teardown -->
      </class> <!-- Foursidesplay.TestCase -->
    </test> <!-- Check reltead video play or not -->
    <test started-at="2025-08-05T12:26:49 IST" name="Verify Banner is visible or not" finished-at="2025-08-05T12:27:12 IST" duration-ms="23298">
      <class name="Foursidesplay.TestCase">
        <test-method is-config="true" signature="setup()[pri:0, instance:Foursidesplay.TestCase@2a5c8d3f]" started-at="2025-08-05T12:26:49 IST" name="setup" finished-at="2025-08-05T12:26:52 IST" duration-ms="3258" status="PASS">
          <reporter-output>
          </reporter-output>
        </test-method> <!-- setup -->
        <test-method signature="Banner_is_visible()[pri:0, instance:Foursidesplay.TestCase@2a5c8d3f]" started-at="2025-08-05T12:26:52 IST" name="Banner_is_visible" finished-at="2025-08-05T12:27:12 IST" duration-ms="19573" status="PASS">
          <reporter-output>
          </reporter-output>
        </test-method> <!-- Banner_is_visible -->
        <test-method is-config="true" signature="teardown()[pri:0, instance:Foursidesplay.TestCase@2a5c8d3f]" started-at="2025-08-05T12:27:12 IST" name="teardown" finished-at="2025-08-05T12:27:12 IST" duration-ms="464" status="PASS">
          <reporter-output>
          </reporter-output>
        </test-method> <!-- teardown -->
      </class> <!-- Foursidesplay.TestCase -->
    </test> <!-- Verify Banner is visible or not -->
    <test started-at="2025-08-05T12:27:12 IST" name="Verify subscription button is visible or not" finished-at="2025-08-05T12:27:28 IST" duration-ms="15326">
      <class name="Foursidesplay.TestCase">
        <test-method is-config="true" signature="setup()[pri:0, instance:Foursidesplay.TestCase@b3ca52e]" started-at="2025-08-05T12:27:12 IST" name="setup" finished-at="2025-08-05T12:27:15 IST" duration-ms="3117" status="PASS">
          <reporter-output>
          </reporter-output>
        </test-method> <!-- setup -->
        <test-method signature="subscription()[pri:0, instance:Foursidesplay.TestCase@b3ca52e]" started-at="2025-08-05T12:27:15 IST" name="subscription" finished-at="2025-08-05T12:27:27 IST" duration-ms="11778" status="PASS">
          <reporter-output>
          </reporter-output>
        </test-method> <!-- subscription -->
        <test-method is-config="true" signature="teardown()[pri:0, instance:Foursidesplay.TestCase@b3ca52e]" started-at="2025-08-05T12:27:27 IST" name="teardown" finished-at="2025-08-05T12:27:28 IST" duration-ms="429" status="PASS">
          <reporter-output>
          </reporter-output>
        </test-method> <!-- teardown -->
      </class> <!-- Foursidesplay.TestCase -->
    </test> <!-- Verify subscription button is visible or not -->
    <test started-at="2025-08-05T12:27:28 IST" name="verify that without login subscription button is visible" finished-at="2025-08-05T12:27:32 IST" duration-ms="4220">
      <class name="Foursidesplay.TestCase">
        <test-method is-config="true" signature="setup()[pri:0, instance:Foursidesplay.TestCase@710f4dc7]" started-at="2025-08-05T12:27:28 IST" name="setup" finished-at="2025-08-05T12:27:31 IST" duration-ms="3189" status="PASS">
          <reporter-output>
          </reporter-output>
        </test-method> <!-- setup -->
        <test-method signature="withoutLoginSubscriptionButtonisVisible()[pri:0, instance:Foursidesplay.TestCase@710f4dc7]" started-at="2025-08-05T12:27:31 IST" name="withoutLoginSubscriptionButtonisVisible" finished-at="2025-08-05T12:27:31 IST" duration-ms="668" status="PASS">
          <reporter-output>
          </reporter-output>
        </test-method> <!-- withoutLoginSubscriptionButtonisVisible -->
        <test-method is-config="true" signature="teardown()[pri:0, instance:Foursidesplay.TestCase@710f4dc7]" started-at="2025-08-05T12:27:31 IST" name="teardown" finished-at="2025-08-05T12:27:32 IST" duration-ms="362" status="PASS">
          <reporter-output>
          </reporter-output>
        </test-method> <!-- teardown -->
      </class> <!-- Foursidesplay.TestCase -->
    </test> <!-- verify that without login subscription button is visible -->
    <test started-at="2025-08-05T12:27:32 IST" name="check after login subscription button is visile" finished-at="2025-08-05T12:27:49 IST" duration-ms="17531">
      <class name="Foursidesplay.TestCase">
        <test-method is-config="true" signature="setup()[pri:0, instance:Foursidesplay.TestCase@61322f9d]" started-at="2025-08-05T12:27:32 IST" name="setup" finished-at="2025-08-05T12:27:35 IST" duration-ms="2838" status="PASS">
          <reporter-output>
          </reporter-output>
        </test-method> <!-- setup -->
        <test-method signature="check_SubscriptionisVisible()[pri:0, instance:Foursidesplay.TestCase@61322f9d]" started-at="2025-08-05T12:27:35 IST" name="check_SubscriptionisVisible" finished-at="2025-08-05T12:27:49 IST" duration-ms="14226" status="PASS">
          <reporter-output>
          </reporter-output>
        </test-method> <!-- check_SubscriptionisVisible -->
        <test-method is-config="true" signature="teardown()[pri:0, instance:Foursidesplay.TestCase@61322f9d]" started-at="2025-08-05T12:27:49 IST" name="teardown" finished-at="2025-08-05T12:27:49 IST" duration-ms="464" status="PASS">
          <reporter-output>
          </reporter-output>
        </test-method> <!-- teardown -->
      </class> <!-- Foursidesplay.TestCase -->
    </test> <!-- check after login subscription button is visile -->
    <test started-at="2025-08-05T12:27:49 IST" name="Verify user already buy a subscription or not" finished-at="2025-08-05T12:28:08 IST" duration-ms="18376">
      <class name="Foursidesplay.TestCase">
        <test-method is-config="true" signature="setup()[pri:0, instance:Foursidesplay.TestCase@7817fd62]" started-at="2025-08-05T12:27:49 IST" name="setup" finished-at="2025-08-05T12:27:52 IST" duration-ms="2928" status="PASS">
          <reporter-output>
          </reporter-output>
        </test-method> <!-- setup -->
        <test-method signature="checkUserBuySubscription()[pri:0, instance:Foursidesplay.TestCase@7817fd62]" started-at="2025-08-05T12:27:52 IST" name="checkUserBuySubscription" finished-at="2025-08-05T12:28:07 IST" duration-ms="14956" status="PASS">
          <reporter-output>
          </reporter-output>
        </test-method> <!-- checkUserBuySubscription -->
        <test-method is-config="true" signature="teardown()[pri:0, instance:Foursidesplay.TestCase@7817fd62]" started-at="2025-08-05T12:28:07 IST" name="teardown" finished-at="2025-08-05T12:28:08 IST" duration-ms="490" status="PASS">
          <reporter-output>
          </reporter-output>
        </test-method> <!-- teardown -->
      </class> <!-- Foursidesplay.TestCase -->
    </test> <!-- Verify user already buy a subscription or not -->
    <test started-at="2025-08-05T12:28:08 IST" name="check if user already buy a subscription so popup is visible or not" finished-at="2025-08-05T12:28:32 IST" duration-ms="24236">
      <class name="Foursidesplay.TestCase">
        <test-method is-config="true" signature="setup()[pri:0, instance:Foursidesplay.TestCase@b2c9a9c]" started-at="2025-08-05T12:28:08 IST" name="setup" finished-at="2025-08-05T12:28:11 IST" duration-ms="3747" status="PASS">
          <reporter-output>
          </reporter-output>
        </test-method> <!-- setup -->
        <test-method signature="verifyPopupIsVisibleuserBuysubscription()[pri:0, instance:Foursidesplay.TestCase@b2c9a9c]" started-at="2025-08-05T12:28:11 IST" name="verifyPopupIsVisibleuserBuysubscription" finished-at="2025-08-05T12:28:31 IST" duration-ms="19970" status="PASS">
          <reporter-output>
          </reporter-output>
        </test-method> <!-- verifyPopupIsVisibleuserBuysubscription -->
        <test-method is-config="true" signature="teardown()[pri:0, instance:Foursidesplay.TestCase@b2c9a9c]" started-at="2025-08-05T12:28:31 IST" name="teardown" finished-at="2025-08-05T12:28:32 IST" duration-ms="517" status="PASS">
          <reporter-output>
          </reporter-output>
        </test-method> <!-- teardown -->
      </class> <!-- Foursidesplay.TestCase -->
    </test> <!-- check if user already buy a subscription so popup is visible or not -->
    <test started-at="2025-08-05T12:28:32 IST" name="Verify the url" finished-at="2025-08-05T12:28:37 IST" duration-ms="4924">
      <class name="Foursidesplay.TestCase">
        <test-method is-config="true" signature="setup()[pri:0, instance:Foursidesplay.TestCase@3bd82cf5]" started-at="2025-08-05T12:28:32 IST" name="setup" finished-at="2025-08-05T12:28:36 IST" duration-ms="4484" status="PASS">
          <reporter-output>
          </reporter-output>
        </test-method> <!-- setup -->
        <test-method signature="verifyurl()[pri:0, instance:Foursidesplay.TestCase@3bd82cf5]" started-at="2025-08-05T12:28:36 IST" name="verifyurl" finished-at="2025-08-05T12:28:37 IST" duration-ms="74" status="PASS">
          <reporter-output>
          </reporter-output>
        </test-method> <!-- verifyurl -->
        <test-method is-config="true" signature="teardown()[pri:0, instance:Foursidesplay.TestCase@3bd82cf5]" started-at="2025-08-05T12:28:37 IST" name="teardown" finished-at="2025-08-05T12:28:37 IST" duration-ms="365" status="PASS">
          <reporter-output>
          </reporter-output>
        </test-method> <!-- teardown -->
      </class> <!-- Foursidesplay.TestCase -->
    </test> <!-- Verify the url -->
    <test started-at="2025-08-05T12:28:37 IST" name="Verify the current page source" finished-at="2025-08-05T12:28:41 IST" duration-ms="4515">
      <class name="Foursidesplay.TestCase">
        <test-method is-config="true" signature="setup()[pri:0, instance:Foursidesplay.TestCase@d35dea7]" started-at="2025-08-05T12:28:37 IST" name="setup" finished-at="2025-08-05T12:28:41 IST" duration-ms="4034" status="PASS">
          <reporter-output>
          </reporter-output>
        </test-method> <!-- setup -->
        <test-method signature="checkTagname()[pri:0, instance:Foursidesplay.TestCase@d35dea7]" started-at="2025-08-05T12:28:41 IST" name="checkTagname" finished-at="2025-08-05T12:28:41 IST" duration-ms="31" status="PASS">
          <reporter-output>
          </reporter-output>
        </test-method> <!-- checkTagname -->
        <test-method is-config="true" signature="teardown()[pri:0, instance:Foursidesplay.TestCase@d35dea7]" started-at="2025-08-05T12:28:41 IST" name="teardown" finished-at="2025-08-05T12:28:41 IST" duration-ms="448" status="PASS">
          <reporter-output>
          </reporter-output>
        </test-method> <!-- teardown -->
      </class> <!-- Foursidesplay.TestCase -->
    </test> <!-- Verify the current page source -->
    <test started-at="2025-08-05T12:28:41 IST" name="Verify total number of videos in Homepage" finished-at="2025-08-05T12:28:49 IST" duration-ms="7079">
      <class name="Foursidesplay.TestCase">
        <test-method is-config="true" signature="setup()[pri:0, instance:Foursidesplay.TestCase@24313fcc]" started-at="2025-08-05T12:28:41 IST" name="setup" finished-at="2025-08-05T12:28:45 IST" duration-ms="4042" status="PASS">
          <reporter-output>
          </reporter-output>
        </test-method> <!-- setup -->
        <test-method signature="countTotalVideosWithNames()[pri:0, instance:Foursidesplay.TestCase@24313fcc]" started-at="2025-08-05T12:28:45 IST" name="countTotalVideosWithNames" finished-at="2025-08-05T12:28:48 IST" duration-ms="2571" status="PASS">
          <reporter-output>
          </reporter-output>
        </test-method> <!-- countTotalVideosWithNames -->
        <test-method is-config="true" signature="teardown()[pri:0, instance:Foursidesplay.TestCase@24313fcc]" started-at="2025-08-05T12:28:48 IST" name="teardown" finished-at="2025-08-05T12:28:49 IST" duration-ms="463" status="PASS">
          <reporter-output>
          </reporter-output>
        </test-method> <!-- teardown -->
      </class> <!-- Foursidesplay.TestCase -->
    </test> <!-- Verify total number of videos in Homepage -->
    <test started-at="2025-08-05T12:28:49 IST" name="verify the Applestrore button is redirect or not" finished-at="2025-08-05T12:28:49 IST" duration-ms="0">
    </test> <!-- verify the Applestrore button is redirect or not -->
    <test started-at="2025-08-05T12:28:49 IST" name="verify the playstore button is redirect or not" finished-at="2025-08-05T12:28:49 IST" duration-ms="0">
    </test> <!-- verify the playstore button is redirect or not -->
    <test started-at="2025-08-05T12:28:49 IST" name="verify that the coupon code  with the price " finished-at="2025-08-05T12:29:09 IST" duration-ms="20574">
      <class name="Foursidesplay.Testcase2">
        <test-method is-config="true" signature="setup()[pri:0, instance:Foursidesplay.Testcase2@6f4a47c7]" started-at="2025-08-05T12:28:49 IST" name="setup" finished-at="2025-08-05T12:28:52 IST" duration-ms="3845" status="PASS">
          <reporter-output>
          </reporter-output>
        </test-method> <!-- setup -->
        <test-method signature="checkcouponprice()[pri:0, instance:Foursidesplay.Testcase2@6f4a47c7]" started-at="2025-08-05T12:28:52 IST" name="checkcouponprice" finished-at="2025-08-05T12:29:09 IST" duration-ms="16183" status="PASS">
          <reporter-output>
          </reporter-output>
        </test-method> <!-- checkcouponprice -->
        <test-method is-config="true" signature="teardown()[pri:0, instance:Foursidesplay.Testcase2@6f4a47c7]" started-at="2025-08-05T12:29:09 IST" name="teardown" finished-at="2025-08-05T12:29:09 IST" duration-ms="542" status="PASS">
          <reporter-output>
          </reporter-output>
        </test-method> <!-- teardown -->
      </class> <!-- Foursidesplay.Testcase2 -->
    </test> <!-- verify that the coupon code  with the price  -->
    <test started-at="2025-08-05T12:29:09 IST" name="verify that the coupon with the percentage " finished-at="2025-08-05T12:29:30 IST" duration-ms="21086">
      <class name="Foursidesplay.Testcase2">
        <test-method is-config="true" signature="setup()[pri:0, instance:Foursidesplay.Testcase2@7dc0f706]" started-at="2025-08-05T12:29:09 IST" name="setup" finished-at="2025-08-05T12:29:14 IST" duration-ms="4924" status="PASS">
          <reporter-output>
          </reporter-output>
        </test-method> <!-- setup -->
        <test-method signature="couponPercentage()[pri:0, instance:Foursidesplay.Testcase2@7dc0f706]" started-at="2025-08-05T12:29:14 IST" name="couponPercentage" finished-at="2025-08-05T12:29:28 IST" duration-ms="13715" status="PASS">
          <reporter-output>
          </reporter-output>
        </test-method> <!-- couponPercentage -->
        <test-method is-config="true" signature="teardown()[pri:0, instance:Foursidesplay.Testcase2@7dc0f706]" started-at="2025-08-05T12:29:28 IST" name="teardown" finished-at="2025-08-05T12:29:30 IST" duration-ms="2446" status="PASS">
          <reporter-output>
          </reporter-output>
        </test-method> <!-- teardown -->
      </class> <!-- Foursidesplay.Testcase2 -->
    </test> <!-- verify that the coupon with the percentage  -->
    <test started-at="2025-08-05T12:29:30 IST" name="Verify that coupon code enter" finished-at="2025-08-05T12:29:50 IST" duration-ms="19736">
      <class name="Foursidesplay.Testcase2">
        <test-method is-config="true" signature="setup()[pri:0, instance:Foursidesplay.Testcase2@587e5365]" started-at="2025-08-05T12:29:30 IST" name="setup" finished-at="2025-08-05T12:29:36 IST" duration-ms="5584" status="PASS">
          <reporter-output>
          </reporter-output>
        </test-method> <!-- setup -->
        <test-method signature="checkrazorpayopen()[pri:0, instance:Foursidesplay.Testcase2@587e5365]" started-at="2025-08-05T12:29:36 IST" name="checkrazorpayopen" finished-at="2025-08-05T12:29:49 IST" duration-ms="13589" status="PASS">
          <reporter-output>
          </reporter-output>
        </test-method> <!-- checkrazorpayopen -->
        <test-method is-config="true" signature="teardown()[pri:0, instance:Foursidesplay.Testcase2@587e5365]" started-at="2025-08-05T12:29:49 IST" name="teardown" finished-at="2025-08-05T12:29:50 IST" duration-ms="558" status="PASS">
          <reporter-output>
          </reporter-output>
        </test-method> <!-- teardown -->
      </class> <!-- Foursidesplay.Testcase2 -->
    </test> <!-- Verify that coupon code enter -->
    <test started-at="2025-08-05T12:29:50 IST" name="verify that if user enter the Invalid data in the searchfield" finished-at="2025-08-05T12:30:16 IST" duration-ms="25651">
      <class name="Foursidesplay.Testcase2">
        <test-method is-config="true" signature="setup()[pri:0, instance:Foursidesplay.Testcase2@63475ace]" started-at="2025-08-05T12:29:50 IST" name="setup" finished-at="2025-08-05T12:29:54 IST" duration-ms="3623" status="PASS">
          <reporter-output>
          </reporter-output>
        </test-method> <!-- setup -->
        <test-method signature="Validate_No_Data_message_is_visible()[pri:0, instance:Foursidesplay.Testcase2@63475ace]" started-at="2025-08-05T12:29:54 IST" name="Validate_No_Data_message_is_visible" finished-at="2025-08-05T12:30:15 IST" duration-ms="21668" status="PASS">
          <reporter-output>
          </reporter-output>
        </test-method> <!-- Validate_No_Data_message_is_visible -->
        <test-method is-config="true" signature="teardown()[pri:0, instance:Foursidesplay.Testcase2@63475ace]" started-at="2025-08-05T12:30:15 IST" name="teardown" finished-at="2025-08-05T12:30:16 IST" duration-ms="357" status="PASS">
          <reporter-output>
          </reporter-output>
        </test-method> <!-- teardown -->
      </class> <!-- Foursidesplay.Testcase2 -->
    </test> <!-- verify that if user enter the Invalid data in the searchfield -->
    <test started-at="2025-08-05T12:30:16 IST" name="verify that without login if user click on the watchnow so redirect into login" finished-at="2025-08-05T12:30:34 IST" duration-ms="18015">
      <class name="Foursidesplay.Testcase2">
        <test-method is-config="true" signature="setup()[pri:0, instance:Foursidesplay.Testcase2@305b7c14]" started-at="2025-08-05T12:30:16 IST" name="setup" finished-at="2025-08-05T12:30:19 IST" duration-ms="3240" status="PASS">
          <reporter-output>
          </reporter-output>
        </test-method> <!-- setup -->
        <test-method signature="clickwatchnow_userredirect_into_login()[pri:0, instance:Foursidesplay.Testcase2@305b7c14]" started-at="2025-08-05T12:30:19 IST" name="clickwatchnow_userredirect_into_login" finished-at="2025-08-05T12:30:33 IST" duration-ms="14182" status="FAIL">
          <exception class="org.openqa.selenium.NoSuchElementException">
            <message>
              <![CDATA[no such element: Unable to locate element: {"method":"xpath","selector":"//button[@class="sc-fUnMCh hzdSCt"]"}
  (Session info: chrome=138.0.7204.169)
For documentation on this error, please visit: https://www.selenium.dev/documentation/webdriver/troubleshooting/errors#no-such-element-exception
Build info: version: '4.33.0', revision: '2c6aaad03a'
System info: os.name: 'Windows 11', os.arch: 'amd64', os.version: '10.0', java.version: '23.0.1'
Driver info: org.openqa.selenium.chrome.ChromeDriver
Command: [2ebfbdda0cc48f7e437d348957a0899c, findElement {using=xpath, value=//button[@class="sc-fUnMCh hzdSCt"]}]
Capabilities {acceptInsecureCerts: false, browserName: chrome, browserVersion: 138.0.7204.169, chrome: {chromedriverVersion: 138.0.7204.183 (e90faf484dd..., userDataDir: C:\Users\Yash\AppData\Local...}, fedcm:accounts: true, goog:chromeOptions: {debuggerAddress: localhost:50006}, networkConnectionEnabled: false, pageLoadStrategy: normal, platformName: windows, proxy: Proxy(), se:cdp: ws://localhost:50006/devtoo..., se:cdpVersion: 138.0.7204.169, setWindowRect: true, strictFileInteractability: false, timeouts: {implicit: 0, pageLoad: 300000, script: 30000}, unhandledPromptBehavior: dismiss and notify, webauthn:extension:credBlob: true, webauthn:extension:largeBlob: true, webauthn:extension:minPinLength: true, webauthn:extension:prf: true, webauthn:virtualAuthenticators: true}
Session ID: 2ebfbdda0cc48f7e437d348957a0899c]]>
            </message>
            <full-stacktrace>
              <![CDATA[org.openqa.selenium.NoSuchElementException: no such element: Unable to locate element: {"method":"xpath","selector":"//button[@class="sc-fUnMCh hzdSCt"]"}
  (Session info: chrome=138.0.7204.169)
For documentation on this error, please visit: https://www.selenium.dev/documentation/webdriver/troubleshooting/errors#no-such-element-exception
Build info: version: '4.33.0', revision: '2c6aaad03a'
System info: os.name: 'Windows 11', os.arch: 'amd64', os.version: '10.0', java.version: '23.0.1'
Driver info: org.openqa.selenium.chrome.ChromeDriver
Command: [2ebfbdda0cc48f7e437d348957a0899c, findElement {using=xpath, value=//button[@class="sc-fUnMCh hzdSCt"]}]
Capabilities {acceptInsecureCerts: false, browserName: chrome, browserVersion: 138.0.7204.169, chrome: {chromedriverVersion: 138.0.7204.183 (e90faf484dd..., userDataDir: C:\Users\Yash\AppData\Local...}, fedcm:accounts: true, goog:chromeOptions: {debuggerAddress: localhost:50006}, networkConnectionEnabled: false, pageLoadStrategy: normal, platformName: windows, proxy: Proxy(), se:cdp: ws://localhost:50006/devtoo..., se:cdpVersion: 138.0.7204.169, setWindowRect: true, strictFileInteractability: false, timeouts: {implicit: 0, pageLoad: 300000, script: 30000}, unhandledPromptBehavior: dismiss and notify, webauthn:extension:credBlob: true, webauthn:extension:largeBlob: true, webauthn:extension:minPinLength: true, webauthn:extension:prf: true, webauthn:virtualAuthenticators: true}
Session ID: 2ebfbdda0cc48f7e437d348957a0899c
at java.base/jdk.internal.reflect.DirectConstructorHandleAccessor.newInstance(DirectConstructorHandleAccessor.java:62)
at java.base/java.lang.reflect.Constructor.newInstanceWithCaller(Constructor.java:501)
at java.base/java.lang.reflect.Constructor.newInstance(Constructor.java:485)
at org.openqa.selenium.remote.ErrorCodec.decode(ErrorCodec.java:167)
at org.openqa.selenium.remote.codec.w3c.W3CHttpResponseCodec.decode(W3CHttpResponseCodec.java:138)
at org.openqa.selenium.remote.codec.w3c.W3CHttpResponseCodec.decode(W3CHttpResponseCodec.java:50)
at org.openqa.selenium.remote.HttpCommandExecutor.execute(HttpCommandExecutor.java:215)
at org.openqa.selenium.remote.service.DriverCommandExecutor.invokeExecute(DriverCommandExecutor.java:216)
at org.openqa.selenium.remote.service.DriverCommandExecutor.execute(DriverCommandExecutor.java:174)
at org.openqa.selenium.remote.RemoteWebDriver.execute(RemoteWebDriver.java:544)
at org.openqa.selenium.remote.ElementLocation$ElementFinder$2.findElement(ElementLocation.java:165)
at org.openqa.selenium.remote.ElementLocation.findElement(ElementLocation.java:59)
at org.openqa.selenium.remote.RemoteWebDriver.findElement(RemoteWebDriver.java:367)
at org.openqa.selenium.remote.RemoteWebDriver.findElement(RemoteWebDriver.java:361)
at Foursidesplay.Testcase2.clickwatchnow_userredirect_into_login(Testcase2.java:220)
at java.base/jdk.internal.reflect.DirectMethodHandleAccessor.invoke(DirectMethodHandleAccessor.java:103)
at java.base/java.lang.reflect.Method.invoke(Method.java:580)
at org.testng.internal.invokers.MethodInvocationHelper.invokeMethod(MethodInvocationHelper.java:141)
at org.testng.internal.invokers.TestInvoker.invokeMethod(TestInvoker.java:687)
at org.testng.internal.invokers.TestInvoker.invokeTestMethod(TestInvoker.java:230)
at org.testng.internal.invokers.MethodRunner.runInSequence(MethodRunner.java:63)
at org.testng.internal.invokers.TestInvoker$MethodInvocationAgent.invoke(TestInvoker.java:995)
at org.testng.internal.invokers.TestInvoker.invokeTestMethods(TestInvoker.java:203)
at org.testng.internal.invokers.TestMethodWorker.invokeTestMethods(TestMethodWorker.java:154)
at org.testng.internal.invokers.TestMethodWorker.run(TestMethodWorker.java:134)
at java.base/java.util.ArrayList.forEach(ArrayList.java:1597)
at org.testng.TestRunner.privateRun(TestRunner.java:741)
at org.testng.TestRunner.run(TestRunner.java:616)
at org.testng.SuiteRunner.runTest(SuiteRunner.java:421)
at org.testng.SuiteRunner$SuiteWorker.run(SuiteRunner.java:463)
at org.testng.internal.thread.ThreadUtil.lambda$execute$0(ThreadUtil.java:64)
at java.base/java.util.concurrent.FutureTask.run(FutureTask.java:317)
at java.base/java.util.concurrent.ThreadPoolExecutor.runWorker(ThreadPoolExecutor.java:1144)
at java.base/java.util.concurrent.ThreadPoolExecutor$Worker.run(ThreadPoolExecutor.java:642)
at java.base/java.lang.Thread.run(Thread.java:1575)
]]>
            </full-stacktrace>
          </exception> <!-- org.openqa.selenium.NoSuchElementException -->
          <reporter-output>
          </reporter-output>
        </test-method> <!-- clickwatchnow_userredirect_into_login -->
        <test-method is-config="true" signature="teardown()[pri:0, instance:Foursidesplay.Testcase2@305b7c14]" started-at="2025-08-05T12:30:33 IST" name="teardown" finished-at="2025-08-05T12:30:34 IST" duration-ms="583" status="PASS">
          <reporter-output>
          </reporter-output>
        </test-method> <!-- teardown -->
      </class> <!-- Foursidesplay.Testcase2 -->
    </test> <!-- verify that without login if user click on the watchnow so redirect into login -->
    <test started-at="2025-08-05T12:30:34 IST" name="Validate No of banner is visible in the Subscription page" finished-at="2025-08-05T12:30:53 IST" duration-ms="19417">
      <class name="Foursidesplay.Testcase2">
        <test-method is-config="true" signature="setup()[pri:0, instance:Foursidesplay.Testcase2@bccb269]" started-at="2025-08-05T12:30:34 IST" name="setup" finished-at="2025-08-05T12:30:38 IST" duration-ms="4448" status="PASS">
          <reporter-output>
          </reporter-output>
        </test-method> <!-- setup -->
        <test-method signature="insidecouponpagebannerisvisible()[pri:0, instance:Foursidesplay.Testcase2@bccb269]" started-at="2025-08-05T12:30:38 IST" name="insidecouponpagebannerisvisible" finished-at="2025-08-05T12:30:52 IST" duration-ms="14329" status="PASS">
          <reporter-output>
          </reporter-output>
        </test-method> <!-- insidecouponpagebannerisvisible -->
        <test-method is-config="true" signature="teardown()[pri:0, instance:Foursidesplay.Testcase2@bccb269]" started-at="2025-08-05T12:30:52 IST" name="teardown" finished-at="2025-08-05T12:30:53 IST" duration-ms="639" status="PASS">
          <reporter-output>
          </reporter-output>
        </test-method> <!-- teardown -->
      </class> <!-- Foursidesplay.Testcase2 -->
    </test> <!-- Validate No of banner is visible in the Subscription page -->
    <test started-at="2025-08-05T12:30:53 IST" name="Check No of banner is visible in the Homepage" finished-at="2025-08-05T12:31:02 IST" duration-ms="8722">
      <class name="Foursidesplay.Testcase2">
        <test-method is-config="true" signature="setup()[pri:0, instance:Foursidesplay.Testcase2@7d8704ef]" started-at="2025-08-05T12:30:53 IST" name="setup" finished-at="2025-08-05T12:30:57 IST" duration-ms="4060" status="PASS">
          <reporter-output>
          </reporter-output>
        </test-method> <!-- setup -->
        <test-method signature="checkNoofBannerpresendInHomepage()[pri:0, instance:Foursidesplay.Testcase2@7d8704ef]" started-at="2025-08-05T12:30:57 IST" name="checkNoofBannerpresendInHomepage" finished-at="2025-08-05T12:31:01 IST" duration-ms="4042" status="PASS">
          <reporter-output>
          </reporter-output>
        </test-method> <!-- checkNoofBannerpresendInHomepage -->
        <test-method is-config="true" signature="teardown()[pri:0, instance:Foursidesplay.Testcase2@7d8704ef]" started-at="2025-08-05T12:31:01 IST" name="teardown" finished-at="2025-08-05T12:31:02 IST" duration-ms="617" status="PASS">
          <reporter-output>
          </reporter-output>
        </test-method> <!-- teardown -->
      </class> <!-- Foursidesplay.Testcase2 -->
    </test> <!-- Check No of banner is visible in the Homepage -->
    <test started-at="2025-08-05T12:31:02 IST" name="Check All the Language is visible properly" finished-at="2025-08-05T12:31:02 IST" duration-ms="1">
    </test> <!-- Check All the Language is visible properly -->
  </suite> <!-- Suite -->
</testng-results>
